{"total": {"lines":{"total":55,"covered":52,"skipped":0,"pct":94.54},"statements":{"total":57,"covered":54,"skipped":0,"pct":94.73},"functions":{"total":15,"covered":12,"skipped":0,"pct":80},"branches":{"total":20,"covered":19,"skipped":0,"pct":95},"branchesTrue":{"total":0,"covered":0,"skipped":0,"pct":"Unknown"}}
,"C:\\Users\\ferna\\OneDrive\\Desktop\\Simulacro prueba\\pokemon-explorer\\src\\components\\HeaderComponent.vue": {"lines":{"total":5,"covered":5,"skipped":0,"pct":100},"functions":{"total":1,"covered":1,"skipped":0,"pct":100},"statements":{"total":5,"covered":5,"skipped":0,"pct":100},"branches":{"total":2,"covered":2,"skipped":0,"pct":100}}
,"C:\\Users\\ferna\\OneDrive\\Desktop\\Simulacro prueba\\pokemon-explorer\\src\\components\\PokemonDetailComponent.vue": {"lines":{"total":24,"covered":24,"skipped":0,"pct":100},"functions":{"total":5,"covered":5,"skipped":0,"pct":100},"statements":{"total":25,"covered":25,"skipped":0,"pct":100},"branches":{"total":16,"covered":15,"skipped":0,"pct":93.75}}
,"C:\\Users\\ferna\\OneDrive\\Desktop\\Simulacro prueba\\pokemon-explorer\\src\\components\\PokemonListComponent.vue": {"lines":{"total":26,"covered":23,"skipped":0,"pct":88.46},"functions":{"total":9,"covered":6,"skipped":0,"pct":66.66},"statements":{"total":27,"covered":24,"skipped":0,"pct":88.88},"branches":{"total":2,"covered":2,"skipped":0,"pct":100}}
}
