TN:
SF:src\components\PokemonListComponent.vue
FN:10,(anonymous_0)
FN:16,(anonymous_1)
FN:17,(anonymous_2)
FN:21,(anonymous_3)
FN:24,(anonymous_4)
FN:60,render
FN:63,(anonymous_6)
FN:68,(anonymous_7)
FN:72,onClick
FNF:9
FNH:6
FNDA:2,(anonymous_0)
FNDA:3,(anonymous_1)
FNDA:6,(anonymous_2)
FNDA:0,(anonymous_3)
FNDA:5,(anonymous_4)
FNDA:3,render
FNDA:0,(anonymous_6)
FNDA:5,(anonymous_7)
FNDA:0,onClick
DA:4,1
DA:7,1
DA:8,1
DA:11,2
DA:17,6
DA:22,0
DA:25,5
DA:26,5
DA:30,1
DA:32,1
DA:35,1
DA:36,1
DA:37,1
DA:40,1
DA:43,1
DA:46,1
DA:49,1
DA:50,1
DA:53,1
DA:54,1
DA:57,1
DA:61,3
DA:64,0
DA:69,5
DA:73,0
DA:80,1
LF:26
LH:23
BRDA:63,0,0,3
BRDA:63,0,1,2
BRF:2
BRH:2
end_of_record
